2026-02-10T12:49:12.685Z info: Code: 200 | Message: Tout les jeux ont été récupérés
2026-02-10T12:49:21.715Z info: Code: 200 | Message: Jeu crée avec succès
2026-02-10T12:49:24.548Z info: Code: 200 | Message: Tout les jeux ont été récupérés
2026-02-10T13:05:04.842Z info: Code: 200 | Message: Jeu crée avec succès
2026-02-10T13:07:17.037Z info: Code: 200 | Message: Jeu crée avec succès
2026-02-10T13:07:22.444Z info: Code: 200 | Message: Jeu crée avec succès
2026-02-10T13:07:23.433Z info: Code: 200 | Message: Jeu crée avec succès
2026-02-10T13:07:27.543Z info: Code: 200 | Message: Tout les jeux ont été récupérés
2026-02-10T13:09:54.330Z info: Code: 200 | Message: Jeu crée avec succès
2026-02-10T13:10:50.006Z info: Code: 200 | Message: Tout les jeux ont été récupérés
2026-02-12T09:43:15.049Z info: Code: 200 | Message: Tout les jeux ont été récupérés
2026-02-12T09:43:26.881Z info: Code: 200 | Message: Jeu crée avec succès
2026-02-12T09:52:55.544Z info: Code: 200 | Message: Tout les jeux ont été récupérés
2026-02-12T10:02:05.222Z info: Code: 200 | Message: Tout les jeux ont été récupérés
2026-02-12T10:03:14.783Z info: Code: 200 | Message: Jeu crée avec succès
2026-02-12T10:03:28.979Z info: Code: 200 | Message: Tout les jeux ont été récupérés
2026-02-12T12:30:46.096Z info: Code: 200 | Message: La liste des articles a été récupérée avec succès
2026-02-12T12:30:56.458Z info: Code: 200 | Message: Jeu sauvegardé avec succès
2026-02-12T12:31:00.692Z info: Code: 200 | Message: La liste des articles a été récupérée avec succès
2026-02-12T12:31:21.656Z info: Code: 200 | Message: La liste des articles a été récupérée avec succès
2026-02-12T12:31:43.067Z info: Code: 200 | Message: Jeu sauvegardé avec succès
2026-02-12T12:57:40.298Z info: Code: 200 | Message: La liste des articles a été récupérée avec succès
2026-02-12T12:59:03.154Z info: Code: 200 | Message: Article sauvegardé avec succès
2026-02-12T12:59:10.103Z info: Code: 200 | Message: La liste des articles a été récupérée avec succès
2026-02-12T13:00:28.005Z info: Code: 200 | Message: La liste des articles a été récupérée avec succès
2026-02-12T13:05:08.101Z info: Code: 200 | Message: La liste des articles a été récupérée avec succès
2026-02-12T13:18:54.488Z info: Code: 200 | Message: La liste des articles a été récupérée avec succès
2026-02-12T13:20:52.295Z info: Code: 200 | Message: La liste des articles a été récupérée avec succès
2026-02-12T13:29:38.992Z info: Code: 200 | Message: La liste des articles a été récupérée avec succès
2026-02-12T13:30:03.674Z info: Code: 200 | Message: Article sauvegardé avec succès
2026-02-12T13:30:09.228Z info: Code: 200 | Message: La liste des articles a été récupérée avec succès
2026-02-12T13:30:42.967Z info: Code: 200 | Message: La liste des articles a été récupérée avec succès
2026-02-12T13:31:09.333Z info: Code: 200 | Message: Article sauvegardé avec succès
2026-02-12T13:33:41.153Z info: Code: 200 | Message: La liste des articles a été récupérée avec succès
2026-02-12T13:46:12.920Z info: Code: 200 | Message: Article supprimé avec succès
2026-02-12T13:50:00.483Z info: Code: 200 | Message: Article supprimé avec succès
2026-02-12T14:07:23.536Z info: Code: 200 | Message: Article récupérée avec succès
2026-02-12T14:07:49.649Z info: Code: 200 | Message: Article récupérée avec succès
2026-02-12T14:09:48.274Z info: Code: 200 | Message: La liste des articles a été récupérée avec succès
2026-02-12T14:10:02.266Z info: Code: 200 | Message: Article récupérée avec succès
2026-02-12T14:17:13.984Z info: Code: 200 | Message: Article sauvegardé avec succès
2026-02-12T14:17:18.400Z info: Code: 200 | Message: La liste des articles a été récupérée avec succès
2026-02-12T14:17:23.852Z info: Code: 200 | Message: Article récupérée avec succès
2026-02-12T14:17:40.010Z info: Code: 200 | Message: Article supprimé avec succès
2026-02-12T14:17:43.141Z info: Code: 200 | Message: La liste des articles a été récupérée avec succès
2026-02-12T14:25:37.477Z info: Code: 200 | Message: La liste des articles a été récupérée avec succès
